INFO  ParserMain - 




Parser Configuration Info : synalp.parsing.configuration.DesktopParserConfiguration

Input Grammar FileName = /home/bikash/workspace/github/true_modelwriter/Deliverables/WP2/D5.2.1_Parsing/resources/airbus/input/valuation.xml

Input Under Specified Lexicon FileName = /home/bikash/workspace/github/true_modelwriter/Deliverables/WP2/D5.2.1_Parsing/resources/airbus/input/no_underspecified_lexicon.lex

Input Fully Specified Lexicon FileName = /home/bikash/workspace/github/true_modelwriter/Deliverables/WP2/D5.2.1_Parsing/resources/airbus/input/excelSheet_fullyspecified_lexicon.lex

Input Sentences FileName = /home/bikash/workspace/github/true_modelwriter/Deliverables/WP2/D5.2.1_Parsing/resources/airbus/input/complex_sentences_only.txt

Output File = /home/bikash/workspace/github/true_modelwriter/Deliverables/WP2/D5.2.1_Parsing/resources/airbus/input/../output/airbus_parse_output/excellex_complex_sentences_only/ParseResult.txt

Other Options = 
rewrite_lex_nodes = true
rewrite_lemanchor = true
assign_node_ids = true
rewrite_lex_as_lemma = true
allow_empty_lemmas = true
ignore_labels = false
case_dependent = false
allow_duplicates = false
timeout = 0
use_filtering = false
filtering_categories = s
rename_variables = true
allow_missing_coanchors = false
early_semantic_failure = true
missing_lexem_policy = OUTPUT_MISSING
morph_lexicon_order = LEMMA_FIRST
use_bit_semantics = false
selection = CLASSICAL_SELECTION
ranker = DEFAULT_RANKER
beam_size = 2
generator = jeni
proba_strategy_type = DEFAULT
Use Probability = false







INFO  ParserMain - 
###############Parsing Input : 1 of 504##############
INFO  ParserMain - 
###############Parsing Input : 2 of 504##############
INFO  ParserMain - 
###############Parsing Input : 3 of 504##############
INFO  ParserMain - 
###############Parsing Input : 4 of 504##############
INFO  ParserMain - 
###############Parsing Input : 5 of 504##############
INFO  ParserMain - 
###############Parsing Input : 6 of 504##############
INFO  ParserMain - 
###############Parsing Input : 7 of 504##############
INFO  ParserMain - 
###############Parsing Input : 8 of 504##############
INFO  ParserMain - 
###############Parsing Input : 9 of 504##############
INFO  ParserMain - 
###############Parsing Input : 10 of 504##############
INFO  ParserMain - 
###############Parsing Input : 11 of 504##############
INFO  ParserMain - 
###############Parsing Input : 12 of 504##############
INFO  ParserMain - 
###############Parsing Input : 13 of 504##############
INFO  ParserMain - 
###############Parsing Input : 14 of 504##############
